


ARM Macro Assembler    Page 1 


    1 00000000         ;/******************************************************
                       ************************
    2 00000000         ; * @file     startup_Nano1X2Series.s
    3 00000000         ; * @version  V1.00
    4 00000000         ; * $Revision: 6 $
    5 00000000         ; * $Date: 15/06/23 2:40p $ 
    6 00000000         ; * @brief    CMSIS ARM Cortex-M0 Core Device Startup Fi
                       le
    7 00000000         ; *
    8 00000000         ; * @note
    9 00000000         ; * Copyright (C) 2013 Nuvoton Technology Corp. All righ
                       ts reserved.
   10 00000000         ;*******************************************************
                       **********************/  
   11 00000000         
   12 00000000         ; <h> Stack Configuration
   13 00000000         ;   <o> Stack Size (in Bytes) <0x0-0xFFFFFFFF:8>
   14 00000000         ; </h>
   15 00000000         
   16 00000000                 IF               :LNOT: :DEF: Stack_Size
   18                          ENDIF
   19 00000000         
   20 00000000                 AREA             STACK, NOINIT, READWRITE, ALIGN
=3
   21 00000000         Stack_Mem
                               SPACE            Stack_Size
   22 00000500         __initial_sp
   23 00000500         
   24 00000500         
   25 00000500         ; <h> Heap Configuration
   26 00000500         ;   <o>  Heap Size (in Bytes) <0x0-0xFFFFFFFF:8>
   27 00000500         ; </h>
   28 00000500         
   29 00000500                 IF               :LNOT: :DEF: Heap_Size
   31                          ENDIF
   32 00000500         
   33 00000500                 AREA             HEAP, NOINIT, READWRITE, ALIGN=
3
   34 00000000         __heap_base
   35 00000000         Heap_Mem
                               SPACE            Heap_Size
   36 00000200         __heap_limit
   37 00000200         
   38 00000200         
   39 00000200                 PRESERVE8
   40 00000200                 THUMB
   41 00000200         
   42 00000200         
   43 00000200         ; Vector Table Mapped to Address 0 at Reset
   44 00000200         
   45 00000200                 AREA             RESET, DATA, READONLY
   46 00000000                 EXPORT           __Vectors
   47 00000000         
   48 00000000 00000000 
                       __Vectors
                               DCD              __initial_sp ; Top of Stack
   49 00000004 00000000        DCD              Reset_Handler ; Reset Handler
   50 00000008 00000000        DCD              NMI_Handler ; NMI Handler
   51 0000000C 00000000        DCD              HardFault_Handler ; Hard Fault 



ARM Macro Assembler    Page 2 


                                                            Handler
   52 00000010 00000000        DCD              0           ; Reserved
   53 00000014 00000000        DCD              0           ; Reserved
   54 00000018 00000000        DCD              0           ; Reserved
   55 0000001C 00000000        DCD              0           ; Reserved
   56 00000020 00000000        DCD              0           ; Reserved
   57 00000024 00000000        DCD              0           ; Reserved
   58 00000028 00000000        DCD              0           ; Reserved
   59 0000002C 00000000        DCD              SVC_Handler ; SVCall Handler
   60 00000030 00000000        DCD              0           ; Reserved
   61 00000034 00000000        DCD              0           ; Reserved
   62 00000038 00000000        DCD              PendSV_Handler ; PendSV Handler
                                                            
   63 0000003C 00000000        DCD              SysTick_Handler 
                                                            ; SysTick Handler
   64 00000040         
   65 00000040         ; External Interrupts
   66 00000040 00000000        DCD              BOD_IRQHandler ; Brownout low v
                                                            oltage detected int
                                                            errupt  
   67 00000044 00000000        DCD              WDT_IRQHandler ; Watch Dog Time
                                                            r interrupt  
   68 00000048 00000000        DCD              EINT0_IRQHandler ; External sig
                                                            nal interrupt from 
                                                            PB.14 pin
   69 0000004C 00000000        DCD              EINT1_IRQHandler ; External sig
                                                            nal interrupt from 
                                                            PB.15 pin
   70 00000050 00000000        DCD              GPABC_IRQHandler ; External int
                                                            errupt from PA[15:0
                                                            ]/PB[15:0]/PC[15:0]
                                                              
   71 00000054 00000000        DCD              GPDEF_IRQHandler ; External int
                                                            errupt from PD[15:0
                                                            ]/PE[15:0]/PF[7:0]
   72 00000058 00000000        DCD              PWM0_IRQHandler 
                                                            ; PWM 0 interrupt 
   73 0000005C 00000000        DCD              0           ; Reserved
   74 00000060 00000000        DCD              TMR0_IRQHandler 
                                                            ; Timer 0 interrupt
                                                            
   75 00000064 00000000        DCD              TMR1_IRQHandler ; Timer 1 inter
                                                            rupt  
   76 00000068 00000000        DCD              TMR2_IRQHandler ; Timer 2 inter
                                                            rupt 
   77 0000006C 00000000        DCD              TMR3_IRQHandler ; Timer 3 inter
                                                            rupt 
   78 00000070 00000000        DCD              UART0_IRQHandler 
                                                            ; UART0 interrupt
   79 00000074 00000000        DCD              UART1_IRQHandler 
                                                            ; UART1 interrupt
   80 00000078 00000000        DCD              SPI0_IRQHandler 
                                                            ; SPI0 interrupt 
   81 0000007C 00000000        DCD              SPI1_IRQHandler 
                                                            ; SPI1 interrupt 
   82 00000080 00000000        DCD              Default_Handler ; Reserved 
   83 00000084 00000000        DCD              HIRC_IRQHandler 
                                                            ; HIRC interrupt 
   84 00000088 00000000        DCD              I2C0_IRQHandler 



ARM Macro Assembler    Page 3 


                                                            ; I2C0 interrupt 
   85 0000008C 00000000        DCD              I2C1_IRQHandler 
                                                            ; I2C1 interrupt 
   86 00000090 00000000        DCD              Default_Handler ; Reserved
   87 00000094 00000000        DCD              SC0_IRQHandler ; SC0 interrupt
   88 00000098 00000000        DCD              SC1_IRQHandler ; SC1 interrupt
   89 0000009C 00000000        DCD              ACMP_IRQHandler 
                                                            ; ACMP interrupt 
   90 000000A0 00000000        DCD              Default_Handler ; Reserved 
   91 000000A4 00000000        DCD              LCD_IRQHandler ; LCD interrupt 
                                                            
   92 000000A8 00000000        DCD              PDMA_IRQHandler 
                                                            ; PDMA interrupt
   93 000000AC 00000000        DCD              Default_Handler ; Reserved
   94 000000B0 00000000        DCD              PDWU_IRQHandler ; Power Down Wa
                                                            ke up interrupt
   95 000000B4 00000000        DCD              ADC_IRQHandler ; ADC interrupt
   96 000000B8 00000000        DCD              Default_Handler ; Reserved
   97 000000BC 00000000        DCD              RTC_IRQHandler ; Real time cloc
                                                            k interrupt
   98 000000C0                 AREA             |.text|, CODE, READONLY
   99 00000000         
  100 00000000         
  101 00000000         ; Reset Handler
  102 00000000         
  103 00000000         Reset_Handler
                               PROC
  104 00000000                 EXPORT           Reset_Handler             [WEAK
]
  105 00000000                 IMPORT           __main
  106 00000000         ; Unlock Register
  107 00000000 4809            LDR              R0, =0x50000100
  108 00000002 490A            LDR              R1, =0x59
  109 00000004 6001            STR              R1, [R0]
  110 00000006 490A            LDR              R1, =0x16
  111 00000008 6001            STR              R1, [R0]
  112 0000000A 490A            LDR              R1, =0x88
  113 0000000C 6001            STR              R1, [R0]
  114 0000000E         
  115 0000000E         ; Init POR
  116 0000000E 4A0A            LDR              R2, =0x50000060
  117 00000010 490A            LDR              R1, =0x00005AA5
  118 00000012 6011            STR              R1, [R2]
  119 00000014         
  120 00000014         ; Lock register
  121 00000014 2100            MOVS             R1, #0
  122 00000016 6001            STR              R1, [R0]
  123 00000018         
  124 00000018 4809            LDR              R0, =__main
  125 0000001A 4700            BX               R0
  126 0000001C                 ENDP
  127 0000001C         
  128 0000001C         
  129 0000001C         ; Dummy Exception Handlers (infinite loops which can be 
                       modified)                
  130 0000001C         
  131 0000001C         NMI_Handler
                               PROC
  132 0000001C                 EXPORT           NMI_Handler               [WEAK



ARM Macro Assembler    Page 4 


]
  133 0000001C E7FE            B                .
  134 0000001E                 ENDP
  136 0000001E         HardFault_Handler
                               PROC
  137 0000001E                 EXPORT           HardFault_Handler         [WEAK
]
  138 0000001E         
  139 0000001E E7FE            B                .
  140 00000020                 ENDP
  141 00000020         SVC_Handler
                               PROC
  142 00000020                 EXPORT           SVC_Handler               [WEAK
]
  143 00000020 E7FE            B                .
  144 00000022                 ENDP
  145 00000022         PendSV_Handler
                               PROC
  146 00000022                 EXPORT           PendSV_Handler            [WEAK
]
  147 00000022 E7FE            B                .
  148 00000024                 ENDP
  149 00000024         SysTick_Handler
                               PROC
  150 00000024                 EXPORT           SysTick_Handler           [WEAK
]
  151 00000024 E7FE            B                .
  152 00000026                 ENDP
  153 00000026         
  154 00000026         Default_Handler
                               PROC
  155 00000026         
  156 00000026                 EXPORT           BOD_IRQHandler            [WEAK
]
  157 00000026                 EXPORT           WDT_IRQHandler            [WEAK
]
  158 00000026                 EXPORT           EINT0_IRQHandler          [WEAK
]
  159 00000026                 EXPORT           EINT1_IRQHandler          [WEAK
]
  160 00000026                 EXPORT           GPABC_IRQHandler          [WEAK
]
  161 00000026                 EXPORT           GPDEF_IRQHandler          [WEAK
]
  162 00000026                 EXPORT           PWM0_IRQHandler           [WEAK
]
  163 00000026                 EXPORT           TMR0_IRQHandler           [WEAK
]
  164 00000026                 EXPORT           TMR1_IRQHandler           [WEAK
]
  165 00000026                 EXPORT           TMR2_IRQHandler           [WEAK
]
  166 00000026                 EXPORT           TMR3_IRQHandler           [WEAK
]
  167 00000026                 EXPORT           UART0_IRQHandler          [WEAK
]
  168 00000026                 EXPORT           UART1_IRQHandler          [WEAK
]
  169 00000026                 EXPORT           SPI0_IRQHandler           [WEAK



ARM Macro Assembler    Page 5 


]
  170 00000026                 EXPORT           SPI1_IRQHandler           [WEAK
]
  171 00000026                 EXPORT           HIRC_IRQHandler           [WEAK
]
  172 00000026                 EXPORT           I2C0_IRQHandler           [WEAK
]
  173 00000026                 EXPORT           I2C1_IRQHandler           [WEAK
]
  174 00000026                 EXPORT           SC0_IRQHandler            [WEAK
]
  175 00000026                 EXPORT           SC1_IRQHandler            [WEAK
]
  176 00000026                 EXPORT           LCD_IRQHandler            [WEAK
]
  177 00000026                 EXPORT           PDMA_IRQHandler           [WEAK
]
  178 00000026                 EXPORT           PDWU_IRQHandler           [WEAK
]
  179 00000026                 EXPORT           ADC_IRQHandler            [WEAK
]
  180 00000026                 EXPORT           ACMP_IRQHandler           [WEAK
]
  181 00000026                 EXPORT           RTC_IRQHandler            [WEAK
]
  182 00000026         
  183 00000026         BOD_IRQHandler
  184 00000026         WDT_IRQHandler
  185 00000026         EINT0_IRQHandler
  186 00000026         EINT1_IRQHandler
  187 00000026         GPABC_IRQHandler
  188 00000026         GPDEF_IRQHandler
  189 00000026         PWM0_IRQHandler
  190 00000026         TMR0_IRQHandler
  191 00000026         TMR1_IRQHandler
  192 00000026         TMR2_IRQHandler
  193 00000026         TMR3_IRQHandler
  194 00000026         UART0_IRQHandler
  195 00000026         UART1_IRQHandler
  196 00000026         SPI0_IRQHandler
  197 00000026         SPI1_IRQHandler
  198 00000026         HIRC_IRQHandler
  199 00000026         I2C0_IRQHandler
  200 00000026         I2C1_IRQHandler
  201 00000026         SC0_IRQHandler
  202 00000026         SC1_IRQHandler
  203 00000026         LCD_IRQHandler
  204 00000026         PDMA_IRQHandler
  205 00000026         PDWU_IRQHandler
  206 00000026         ADC_IRQHandler
  207 00000026         ACMP_IRQHandler
  208 00000026         RTC_IRQHandler
  209 00000026         
  210 00000026 E7FE            B                .
  211 00000028         
  212 00000028                 ENDP
  213 00000028         
  214 00000028         
  215 00000028                 ALIGN



ARM Macro Assembler    Page 6 


  216 00000028         
  217 00000028         
  218 00000028         ; User Initial Stack & Heap
  219 00000028         
  220 00000028                 IF               :DEF:__MICROLIB
  221 00000028         
  222 00000028                 EXPORT           __initial_sp
  223 00000028                 EXPORT           __heap_base
  224 00000028                 EXPORT           __heap_limit
  225 00000028         
  226 00000028                 ELSE
  240                          ENDIF
  241 00000028         
  242 00000028         
  243 00000028         
  244 00000028         
  245 00000028         
  246 00000028                 END
              50000100 
              00000059 
              00000016 
              00000088 
              50000060 
              00005AA5 
              00000000 
Command Line: --16 --debug --xref --diag_suppress=9931 --cpu=Cortex-M0 --apcs=i
nterwork --depend=.\obj\startup_nano1x2series.d -o.\obj\startup_nano1x2series.o
 -ID:\mdk\ARM\RV31\INC -ID:\mdk\ARM\CMSIS\Include --predefine="__EVAL SETA 1" -
-predefine="__MICROLIB SETA 1" --predefine="__UVISION_VERSION SETA 517" --prede
fine="DEBUG_ENABLE_SEMIHOST SETA 1" --list=.\lst\startup_nano1x2series.lst ..\.
.\..\..\Library\Device\Nuvoton\Nano1X2Series\Source\ARM\startup_Nano1X2Series.s



ARM Macro Assembler    Page 1 Alphabetic symbol ordering
Relocatable symbols

STACK 00000000

Symbol: STACK
   Definitions
      At line 20 in file ..\..\..\..\Library\Device\Nuvoton\Nano1X2Series\Sourc
e\ARM\startup_Nano1X2Series.s
   Uses
      None
Comment: STACK unused
Stack_Mem 00000000

Symbol: Stack_Mem
   Definitions
      At line 21 in file ..\..\..\..\Library\Device\Nuvoton\Nano1X2Series\Sourc
e\ARM\startup_Nano1X2Series.s
   Uses
      None
Comment: Stack_Mem unused
__initial_sp 00000500

Symbol: __initial_sp
   Definitions
      At line 22 in file ..\..\..\..\Library\Device\Nuvoton\Nano1X2Series\Sourc
e\ARM\startup_Nano1X2Series.s
   Uses
      At line 48 in file ..\..\..\..\Library\Device\Nuvoton\Nano1X2Series\Sourc
e\ARM\startup_Nano1X2Series.s
      At line 222 in file ..\..\..\..\Library\Device\Nuvoton\Nano1X2Series\Sour
ce\ARM\startup_Nano1X2Series.s

3 symbols



ARM Macro Assembler    Page 1 Alphabetic symbol ordering
Relocatable symbols

HEAP 00000000

Symbol: HEAP
   Definitions
      At line 33 in file ..\..\..\..\Library\Device\Nuvoton\Nano1X2Series\Sourc
e\ARM\startup_Nano1X2Series.s
   Uses
      None
Comment: HEAP unused
Heap_Mem 00000000

Symbol: Heap_Mem
   Definitions
      At line 35 in file ..\..\..\..\Library\Device\Nuvoton\Nano1X2Series\Sourc
e\ARM\startup_Nano1X2Series.s
   Uses
      None
Comment: Heap_Mem unused
__heap_base 00000000

Symbol: __heap_base
   Definitions
      At line 34 in file ..\..\..\..\Library\Device\Nuvoton\Nano1X2Series\Sourc
e\ARM\startup_Nano1X2Series.s
   Uses
      At line 223 in file ..\..\..\..\Library\Device\Nuvoton\Nano1X2Series\Sour
ce\ARM\startup_Nano1X2Series.s
Comment: __heap_base used once
__heap_limit 00000200

Symbol: __heap_limit
   Definitions
      At line 36 in file ..\..\..\..\Library\Device\Nuvoton\Nano1X2Series\Sourc
e\ARM\startup_Nano1X2Series.s
   Uses
      At line 224 in file ..\..\..\..\Library\Device\Nuvoton\Nano1X2Series\Sour
ce\ARM\startup_Nano1X2Series.s
Comment: __heap_limit used once
4 symbols



ARM Macro Assembler    Page 1 Alphabetic symbol ordering
Relocatable symbols

RESET 00000000

Symbol: RESET
   Definitions
      At line 45 in file ..\..\..\..\Library\Device\Nuvoton\Nano1X2Series\Sourc
e\ARM\startup_Nano1X2Series.s
   Uses
      None
Comment: RESET unused
__Vectors 00000000

Symbol: __Vectors
   Definitions
      At line 48 in file ..\..\..\..\Library\Device\Nuvoton\Nano1X2Series\Sourc
e\ARM\startup_Nano1X2Series.s
   Uses
      At line 46 in file ..\..\..\..\Library\Device\Nuvoton\Nano1X2Series\Sourc
e\ARM\startup_Nano1X2Series.s
Comment: __Vectors used once
2 symbols



ARM Macro Assembler    Page 1 Alphabetic symbol ordering
Relocatable symbols

.text 00000000

Symbol: .text
   Definitions
      At line 98 in file ..\..\..\..\Library\Device\Nuvoton\Nano1X2Series\Sourc
e\ARM\startup_Nano1X2Series.s
   Uses
      None
Comment: .text unused
ACMP_IRQHandler 00000026

Symbol: ACMP_IRQHandler
   Definitions
      At line 207 in file ..\..\..\..\Library\Device\Nuvoton\Nano1X2Series\Sour
ce\ARM\startup_Nano1X2Series.s
   Uses
      At line 89 in file ..\..\..\..\Library\Device\Nuvoton\Nano1X2Series\Sourc
e\ARM\startup_Nano1X2Series.s
      At line 180 in file ..\..\..\..\Library\Device\Nuvoton\Nano1X2Series\Sour
ce\ARM\startup_Nano1X2Series.s

ADC_IRQHandler 00000026

Symbol: ADC_IRQHandler
   Definitions
      At line 206 in file ..\..\..\..\Library\Device\Nuvoton\Nano1X2Series\Sour
ce\ARM\startup_Nano1X2Series.s
   Uses
      At line 95 in file ..\..\..\..\Library\Device\Nuvoton\Nano1X2Series\Sourc
e\ARM\startup_Nano1X2Series.s
      At line 179 in file ..\..\..\..\Library\Device\Nuvoton\Nano1X2Series\Sour
ce\ARM\startup_Nano1X2Series.s

BOD_IRQHandler 00000026

Symbol: BOD_IRQHandler
   Definitions
      At line 183 in file ..\..\..\..\Library\Device\Nuvoton\Nano1X2Series\Sour
ce\ARM\startup_Nano1X2Series.s
   Uses
      At line 66 in file ..\..\..\..\Library\Device\Nuvoton\Nano1X2Series\Sourc
e\ARM\startup_Nano1X2Series.s
      At line 156 in file ..\..\..\..\Library\Device\Nuvoton\Nano1X2Series\Sour
ce\ARM\startup_Nano1X2Series.s

Default_Handler 00000026

Symbol: Default_Handler
   Definitions
      At line 154 in file ..\..\..\..\Library\Device\Nuvoton\Nano1X2Series\Sour
ce\ARM\startup_Nano1X2Series.s
   Uses
      At line 82 in file ..\..\..\..\Library\Device\Nuvoton\Nano1X2Series\Sourc
e\ARM\startup_Nano1X2Series.s
      At line 86 in file ..\..\..\..\Library\Device\Nuvoton\Nano1X2Series\Sourc
e\ARM\startup_Nano1X2Series.s
      At line 90 in file ..\..\..\..\Library\Device\Nuvoton\Nano1X2Series\Sourc
e\ARM\startup_Nano1X2Series.s
      At line 93 in file ..\..\..\..\Library\Device\Nuvoton\Nano1X2Series\Sourc



ARM Macro Assembler    Page 2 Alphabetic symbol ordering
Relocatable symbols

e\ARM\startup_Nano1X2Series.s
      At line 96 in file ..\..\..\..\Library\Device\Nuvoton\Nano1X2Series\Sourc
e\ARM\startup_Nano1X2Series.s

EINT0_IRQHandler 00000026

Symbol: EINT0_IRQHandler
   Definitions
      At line 185 in file ..\..\..\..\Library\Device\Nuvoton\Nano1X2Series\Sour
ce\ARM\startup_Nano1X2Series.s
   Uses
      At line 68 in file ..\..\..\..\Library\Device\Nuvoton\Nano1X2Series\Sourc
e\ARM\startup_Nano1X2Series.s
      At line 158 in file ..\..\..\..\Library\Device\Nuvoton\Nano1X2Series\Sour
ce\ARM\startup_Nano1X2Series.s

EINT1_IRQHandler 00000026

Symbol: EINT1_IRQHandler
   Definitions
      At line 186 in file ..\..\..\..\Library\Device\Nuvoton\Nano1X2Series\Sour
ce\ARM\startup_Nano1X2Series.s
   Uses
      At line 69 in file ..\..\..\..\Library\Device\Nuvoton\Nano1X2Series\Sourc
e\ARM\startup_Nano1X2Series.s
      At line 159 in file ..\..\..\..\Library\Device\Nuvoton\Nano1X2Series\Sour
ce\ARM\startup_Nano1X2Series.s

GPABC_IRQHandler 00000026

Symbol: GPABC_IRQHandler
   Definitions
      At line 187 in file ..\..\..\..\Library\Device\Nuvoton\Nano1X2Series\Sour
ce\ARM\startup_Nano1X2Series.s
   Uses
      At line 70 in file ..\..\..\..\Library\Device\Nuvoton\Nano1X2Series\Sourc
e\ARM\startup_Nano1X2Series.s
      At line 160 in file ..\..\..\..\Library\Device\Nuvoton\Nano1X2Series\Sour
ce\ARM\startup_Nano1X2Series.s

GPDEF_IRQHandler 00000026

Symbol: GPDEF_IRQHandler
   Definitions
      At line 188 in file ..\..\..\..\Library\Device\Nuvoton\Nano1X2Series\Sour
ce\ARM\startup_Nano1X2Series.s
   Uses
      At line 71 in file ..\..\..\..\Library\Device\Nuvoton\Nano1X2Series\Sourc
e\ARM\startup_Nano1X2Series.s
      At line 161 in file ..\..\..\..\Library\Device\Nuvoton\Nano1X2Series\Sour
ce\ARM\startup_Nano1X2Series.s

HIRC_IRQHandler 00000026

Symbol: HIRC_IRQHandler
   Definitions
      At line 198 in file ..\..\..\..\Library\Device\Nuvoton\Nano1X2Series\Sour
ce\ARM\startup_Nano1X2Series.s
   Uses



ARM Macro Assembler    Page 3 Alphabetic symbol ordering
Relocatable symbols

      At line 83 in file ..\..\..\..\Library\Device\Nuvoton\Nano1X2Series\Sourc
e\ARM\startup_Nano1X2Series.s
      At line 171 in file ..\..\..\..\Library\Device\Nuvoton\Nano1X2Series\Sour
ce\ARM\startup_Nano1X2Series.s

HardFault_Handler 0000001E

Symbol: HardFault_Handler
   Definitions
      At line 136 in file ..\..\..\..\Library\Device\Nuvoton\Nano1X2Series\Sour
ce\ARM\startup_Nano1X2Series.s
   Uses
      At line 51 in file ..\..\..\..\Library\Device\Nuvoton\Nano1X2Series\Sourc
e\ARM\startup_Nano1X2Series.s
      At line 137 in file ..\..\..\..\Library\Device\Nuvoton\Nano1X2Series\Sour
ce\ARM\startup_Nano1X2Series.s

I2C0_IRQHandler 00000026

Symbol: I2C0_IRQHandler
   Definitions
      At line 199 in file ..\..\..\..\Library\Device\Nuvoton\Nano1X2Series\Sour
ce\ARM\startup_Nano1X2Series.s
   Uses
      At line 84 in file ..\..\..\..\Library\Device\Nuvoton\Nano1X2Series\Sourc
e\ARM\startup_Nano1X2Series.s
      At line 172 in file ..\..\..\..\Library\Device\Nuvoton\Nano1X2Series\Sour
ce\ARM\startup_Nano1X2Series.s

I2C1_IRQHandler 00000026

Symbol: I2C1_IRQHandler
   Definitions
      At line 200 in file ..\..\..\..\Library\Device\Nuvoton\Nano1X2Series\Sour
ce\ARM\startup_Nano1X2Series.s
   Uses
      At line 85 in file ..\..\..\..\Library\Device\Nuvoton\Nano1X2Series\Sourc
e\ARM\startup_Nano1X2Series.s
      At line 173 in file ..\..\..\..\Library\Device\Nuvoton\Nano1X2Series\Sour
ce\ARM\startup_Nano1X2Series.s

LCD_IRQHandler 00000026

Symbol: LCD_IRQHandler
   Definitions
      At line 203 in file ..\..\..\..\Library\Device\Nuvoton\Nano1X2Series\Sour
ce\ARM\startup_Nano1X2Series.s
   Uses
      At line 91 in file ..\..\..\..\Library\Device\Nuvoton\Nano1X2Series\Sourc
e\ARM\startup_Nano1X2Series.s
      At line 176 in file ..\..\..\..\Library\Device\Nuvoton\Nano1X2Series\Sour
ce\ARM\startup_Nano1X2Series.s

NMI_Handler 0000001C

Symbol: NMI_Handler
   Definitions
      At line 131 in file ..\..\..\..\Library\Device\Nuvoton\Nano1X2Series\Sour
ce\ARM\startup_Nano1X2Series.s



ARM Macro Assembler    Page 4 Alphabetic symbol ordering
Relocatable symbols

   Uses
      At line 50 in file ..\..\..\..\Library\Device\Nuvoton\Nano1X2Series\Sourc
e\ARM\startup_Nano1X2Series.s
      At line 132 in file ..\..\..\..\Library\Device\Nuvoton\Nano1X2Series\Sour
ce\ARM\startup_Nano1X2Series.s

PDMA_IRQHandler 00000026

Symbol: PDMA_IRQHandler
   Definitions
      At line 204 in file ..\..\..\..\Library\Device\Nuvoton\Nano1X2Series\Sour
ce\ARM\startup_Nano1X2Series.s
   Uses
      At line 92 in file ..\..\..\..\Library\Device\Nuvoton\Nano1X2Series\Sourc
e\ARM\startup_Nano1X2Series.s
      At line 177 in file ..\..\..\..\Library\Device\Nuvoton\Nano1X2Series\Sour
ce\ARM\startup_Nano1X2Series.s

PDWU_IRQHandler 00000026

Symbol: PDWU_IRQHandler
   Definitions
      At line 205 in file ..\..\..\..\Library\Device\Nuvoton\Nano1X2Series\Sour
ce\ARM\startup_Nano1X2Series.s
   Uses
      At line 94 in file ..\..\..\..\Library\Device\Nuvoton\Nano1X2Series\Sourc
e\ARM\startup_Nano1X2Series.s
      At line 178 in file ..\..\..\..\Library\Device\Nuvoton\Nano1X2Series\Sour
ce\ARM\startup_Nano1X2Series.s

PWM0_IRQHandler 00000026

Symbol: PWM0_IRQHandler
   Definitions
      At line 189 in file ..\..\..\..\Library\Device\Nuvoton\Nano1X2Series\Sour
ce\ARM\startup_Nano1X2Series.s
   Uses
      At line 72 in file ..\..\..\..\Library\Device\Nuvoton\Nano1X2Series\Sourc
e\ARM\startup_Nano1X2Series.s
      At line 162 in file ..\..\..\..\Library\Device\Nuvoton\Nano1X2Series\Sour
ce\ARM\startup_Nano1X2Series.s

PendSV_Handler 00000022

Symbol: PendSV_Handler
   Definitions
      At line 145 in file ..\..\..\..\Library\Device\Nuvoton\Nano1X2Series\Sour
ce\ARM\startup_Nano1X2Series.s
   Uses
      At line 62 in file ..\..\..\..\Library\Device\Nuvoton\Nano1X2Series\Sourc
e\ARM\startup_Nano1X2Series.s
      At line 146 in file ..\..\..\..\Library\Device\Nuvoton\Nano1X2Series\Sour
ce\ARM\startup_Nano1X2Series.s

RTC_IRQHandler 00000026

Symbol: RTC_IRQHandler
   Definitions
      At line 208 in file ..\..\..\..\Library\Device\Nuvoton\Nano1X2Series\Sour



ARM Macro Assembler    Page 5 Alphabetic symbol ordering
Relocatable symbols

ce\ARM\startup_Nano1X2Series.s
   Uses
      At line 97 in file ..\..\..\..\Library\Device\Nuvoton\Nano1X2Series\Sourc
e\ARM\startup_Nano1X2Series.s
      At line 181 in file ..\..\..\..\Library\Device\Nuvoton\Nano1X2Series\Sour
ce\ARM\startup_Nano1X2Series.s

Reset_Handler 00000000

Symbol: Reset_Handler
   Definitions
      At line 103 in file ..\..\..\..\Library\Device\Nuvoton\Nano1X2Series\Sour
ce\ARM\startup_Nano1X2Series.s
   Uses
      At line 49 in file ..\..\..\..\Library\Device\Nuvoton\Nano1X2Series\Sourc
e\ARM\startup_Nano1X2Series.s
      At line 104 in file ..\..\..\..\Library\Device\Nuvoton\Nano1X2Series\Sour
ce\ARM\startup_Nano1X2Series.s

SC0_IRQHandler 00000026

Symbol: SC0_IRQHandler
   Definitions
      At line 201 in file ..\..\..\..\Library\Device\Nuvoton\Nano1X2Series\Sour
ce\ARM\startup_Nano1X2Series.s
   Uses
      At line 87 in file ..\..\..\..\Library\Device\Nuvoton\Nano1X2Series\Sourc
e\ARM\startup_Nano1X2Series.s
      At line 174 in file ..\..\..\..\Library\Device\Nuvoton\Nano1X2Series\Sour
ce\ARM\startup_Nano1X2Series.s

SC1_IRQHandler 00000026

Symbol: SC1_IRQHandler
   Definitions
      At line 202 in file ..\..\..\..\Library\Device\Nuvoton\Nano1X2Series\Sour
ce\ARM\startup_Nano1X2Series.s
   Uses
      At line 88 in file ..\..\..\..\Library\Device\Nuvoton\Nano1X2Series\Sourc
e\ARM\startup_Nano1X2Series.s
      At line 175 in file ..\..\..\..\Library\Device\Nuvoton\Nano1X2Series\Sour
ce\ARM\startup_Nano1X2Series.s

SPI0_IRQHandler 00000026

Symbol: SPI0_IRQHandler
   Definitions
      At line 196 in file ..\..\..\..\Library\Device\Nuvoton\Nano1X2Series\Sour
ce\ARM\startup_Nano1X2Series.s
   Uses
      At line 80 in file ..\..\..\..\Library\Device\Nuvoton\Nano1X2Series\Sourc
e\ARM\startup_Nano1X2Series.s
      At line 169 in file ..\..\..\..\Library\Device\Nuvoton\Nano1X2Series\Sour
ce\ARM\startup_Nano1X2Series.s

SPI1_IRQHandler 00000026

Symbol: SPI1_IRQHandler
   Definitions



ARM Macro Assembler    Page 6 Alphabetic symbol ordering
Relocatable symbols

      At line 197 in file ..\..\..\..\Library\Device\Nuvoton\Nano1X2Series\Sour
ce\ARM\startup_Nano1X2Series.s
   Uses
      At line 81 in file ..\..\..\..\Library\Device\Nuvoton\Nano1X2Series\Sourc
e\ARM\startup_Nano1X2Series.s
      At line 170 in file ..\..\..\..\Library\Device\Nuvoton\Nano1X2Series\Sour
ce\ARM\startup_Nano1X2Series.s

SVC_Handler 00000020

Symbol: SVC_Handler
   Definitions
      At line 141 in file ..\..\..\..\Library\Device\Nuvoton\Nano1X2Series\Sour
ce\ARM\startup_Nano1X2Series.s
   Uses
      At line 59 in file ..\..\..\..\Library\Device\Nuvoton\Nano1X2Series\Sourc
e\ARM\startup_Nano1X2Series.s
      At line 142 in file ..\..\..\..\Library\Device\Nuvoton\Nano1X2Series\Sour
ce\ARM\startup_Nano1X2Series.s

SysTick_Handler 00000024

Symbol: SysTick_Handler
   Definitions
      At line 149 in file ..\..\..\..\Library\Device\Nuvoton\Nano1X2Series\Sour
ce\ARM\startup_Nano1X2Series.s
   Uses
      At line 63 in file ..\..\..\..\Library\Device\Nuvoton\Nano1X2Series\Sourc
e\ARM\startup_Nano1X2Series.s
      At line 150 in file ..\..\..\..\Library\Device\Nuvoton\Nano1X2Series\Sour
ce\ARM\startup_Nano1X2Series.s

TMR0_IRQHandler 00000026

Symbol: TMR0_IRQHandler
   Definitions
      At line 190 in file ..\..\..\..\Library\Device\Nuvoton\Nano1X2Series\Sour
ce\ARM\startup_Nano1X2Series.s
   Uses
      At line 74 in file ..\..\..\..\Library\Device\Nuvoton\Nano1X2Series\Sourc
e\ARM\startup_Nano1X2Series.s
      At line 163 in file ..\..\..\..\Library\Device\Nuvoton\Nano1X2Series\Sour
ce\ARM\startup_Nano1X2Series.s

TMR1_IRQHandler 00000026

Symbol: TMR1_IRQHandler
   Definitions
      At line 191 in file ..\..\..\..\Library\Device\Nuvoton\Nano1X2Series\Sour
ce\ARM\startup_Nano1X2Series.s
   Uses
      At line 75 in file ..\..\..\..\Library\Device\Nuvoton\Nano1X2Series\Sourc
e\ARM\startup_Nano1X2Series.s
      At line 164 in file ..\..\..\..\Library\Device\Nuvoton\Nano1X2Series\Sour
ce\ARM\startup_Nano1X2Series.s

TMR2_IRQHandler 00000026

Symbol: TMR2_IRQHandler



ARM Macro Assembler    Page 7 Alphabetic symbol ordering
Relocatable symbols

   Definitions
      At line 192 in file ..\..\..\..\Library\Device\Nuvoton\Nano1X2Series\Sour
ce\ARM\startup_Nano1X2Series.s
   Uses
      At line 76 in file ..\..\..\..\Library\Device\Nuvoton\Nano1X2Series\Sourc
e\ARM\startup_Nano1X2Series.s
      At line 165 in file ..\..\..\..\Library\Device\Nuvoton\Nano1X2Series\Sour
ce\ARM\startup_Nano1X2Series.s

TMR3_IRQHandler 00000026

Symbol: TMR3_IRQHandler
   Definitions
      At line 193 in file ..\..\..\..\Library\Device\Nuvoton\Nano1X2Series\Sour
ce\ARM\startup_Nano1X2Series.s
   Uses
      At line 77 in file ..\..\..\..\Library\Device\Nuvoton\Nano1X2Series\Sourc
e\ARM\startup_Nano1X2Series.s
      At line 166 in file ..\..\..\..\Library\Device\Nuvoton\Nano1X2Series\Sour
ce\ARM\startup_Nano1X2Series.s

UART0_IRQHandler 00000026

Symbol: UART0_IRQHandler
   Definitions
      At line 194 in file ..\..\..\..\Library\Device\Nuvoton\Nano1X2Series\Sour
ce\ARM\startup_Nano1X2Series.s
   Uses
      At line 78 in file ..\..\..\..\Library\Device\Nuvoton\Nano1X2Series\Sourc
e\ARM\startup_Nano1X2Series.s
      At line 167 in file ..\..\..\..\Library\Device\Nuvoton\Nano1X2Series\Sour
ce\ARM\startup_Nano1X2Series.s

UART1_IRQHandler 00000026

Symbol: UART1_IRQHandler
   Definitions
      At line 195 in file ..\..\..\..\Library\Device\Nuvoton\Nano1X2Series\Sour
ce\ARM\startup_Nano1X2Series.s
   Uses
      At line 79 in file ..\..\..\..\Library\Device\Nuvoton\Nano1X2Series\Sourc
e\ARM\startup_Nano1X2Series.s
      At line 168 in file ..\..\..\..\Library\Device\Nuvoton\Nano1X2Series\Sour
ce\ARM\startup_Nano1X2Series.s

WDT_IRQHandler 00000026

Symbol: WDT_IRQHandler
   Definitions
      At line 184 in file ..\..\..\..\Library\Device\Nuvoton\Nano1X2Series\Sour
ce\ARM\startup_Nano1X2Series.s
   Uses
      At line 67 in file ..\..\..\..\Library\Device\Nuvoton\Nano1X2Series\Sourc
e\ARM\startup_Nano1X2Series.s
      At line 157 in file ..\..\..\..\Library\Device\Nuvoton\Nano1X2Series\Sour
ce\ARM\startup_Nano1X2Series.s

34 symbols



ARM Macro Assembler    Page 1 Alphabetic symbol ordering
Absolute symbols

Heap_Size 00000200

Symbol: Heap_Size
   Definitions
      At line 30 in file ..\..\..\..\Library\Device\Nuvoton\Nano1X2Series\Sourc
e\ARM\startup_Nano1X2Series.s
   Uses
      At line 35 in file ..\..\..\..\Library\Device\Nuvoton\Nano1X2Series\Sourc
e\ARM\startup_Nano1X2Series.s
Comment: Heap_Size used once
Stack_Size 00000500

Symbol: Stack_Size
   Definitions
      At line 17 in file ..\..\..\..\Library\Device\Nuvoton\Nano1X2Series\Sourc
e\ARM\startup_Nano1X2Series.s
   Uses
      At line 21 in file ..\..\..\..\Library\Device\Nuvoton\Nano1X2Series\Sourc
e\ARM\startup_Nano1X2Series.s
Comment: Stack_Size used once
2 symbols



ARM Macro Assembler    Page 1 Alphabetic symbol ordering
External symbols

__main 00000000

Symbol: __main
   Definitions
      At line 105 in file ..\..\..\..\Library\Device\Nuvoton\Nano1X2Series\Sour
ce\ARM\startup_Nano1X2Series.s
   Uses
      At line 124 in file ..\..\..\..\Library\Device\Nuvoton\Nano1X2Series\Sour
ce\ARM\startup_Nano1X2Series.s
Comment: __main used once
1 symbol
384 symbols in table
